<?xml version="1.0" encoding="UTF-8"?>
<!-- Generated by org.testng.reporters.JUnitReportReporter -->
<testsuite skipped="0" hostname="C02YTCS1LVCG" name="sampletestng.BeforeAfterTest" tests="1" failures="0" timestamp="20 Mar 2021 06:51:20 GMT" time="0.004" errors="0">
  <testcase name="HelloTest" time="0.004" classname="sampletestng.BeforeAfterTest"/>
</testsuite> <!-- sampletestng.BeforeAfterTest -->
