<?xml version="1.0" encoding="UTF-8"?>
<!-- Generated by org.testng.reporters.JUnitReportReporter -->
<testsuite skipped="0" hostname="C02YTCS1LVCG" name="restapitests.RestAPITest" tests="8" failures="0" timestamp="20 Mar 2021 06:49:14 GMT" time="0.014" errors="0">
  <testcase name="RESTRegression1Test" time="0.001" classname="restapitests.RestAPITest"/>
  <testcase name="RESTRegression2Test" time="0.001" classname="restapitests.RestAPITest"/>
  <testcase name="RESTSanity2Test" time="0.001" classname="restapitests.RestAPITest"/>
  <testcase name="RESTSanity1Test" time="0.001" classname="restapitests.RestAPITest"/>
  <testcase name="RESTSanity1Test" time="0.007" classname="restapitests.RestAPITest"/>
  <testcase name="RESTRegression2Test" time="0.001" classname="restapitests.RestAPITest"/>
  <testcase name="RESTSanity2Test" time="0.001" classname="restapitests.RestAPITest"/>
  <testcase name="RESTRegression1Test" time="0.001" classname="restapitests.RestAPITest"/>
</testsuite> <!-- restapitests.RestAPITest -->
