<?xml version="1.0" encoding="UTF-8"?>
<!-- Generated by org.testng.reporters.JUnitReportReporter -->
<testsuite skipped="0" hostname="C02YTCS1LVCG" name="sampletestng.HelloTestNG" tests="1" failures="0" timestamp="20 Mar 2021 04:40:24 GMT" time="0.001" errors="0">
  <testcase name="HelloTest" time="0.001" classname="sampletestng.HelloTestNG"/>
</testsuite> <!-- sampletestng.HelloTestNG -->
