<?xml version="1.0" encoding="UTF-8"?>
<!-- Generated by org.testng.reporters.JUnitReportReporter -->
<testsuite skipped="0" hostname="C02YTCS1LVCG" name="testcases.LoginApplicationTest" tests="1" failures="0" timestamp="23 Mar 2021 16:25:32 GMT" time="23.998" errors="0">
  <testcase name="LoignAdmin" time="23.998" classname="testcases.LoginApplicationTest"/>
</testsuite> <!-- testcases.LoginApplicationTest -->
