<?xml version="1.0" encoding="UTF-8"?>
<!-- Generated by org.testng.reporters.JUnitReportReporter -->
<testsuite skipped="0" hostname="C02YTCS1LVCG" name="testcases.GlobalAdminLoginTest" tests="1" failures="0" timestamp="23 Mar 2021 16:33:14 GMT" time="9.089" errors="0">
  <testcase name="LoginGlobalAdmin" time="9.089" classname="testcases.GlobalAdminLoginTest"/>
</testsuite> <!-- testcases.GlobalAdminLoginTest -->
