<?xml version="1.0" encoding="UTF-8"?>
<!-- Generated by org.testng.reporters.JUnitReportReporter -->
<testsuite skipped="0" hostname="C02YTCS1LVCG" name="testcases.MasterAdminLoginTest" tests="1" failures="0" timestamp="23 Mar 2021 16:33:14 GMT" time="7.473" errors="0">
  <testcase name="LoignMasterAdmin" time="7.473" classname="testcases.MasterAdminLoginTest"/>
</testsuite> <!-- testcases.MasterAdminLoginTest -->
