<?xml version="1.0" encoding="UTF-8"?>
<!-- Generated by org.testng.reporters.JUnitReportReporter -->
<testsuite skipped="0" hostname="C02YTCS1LVCG" name="testcases.LoginApplication" tests="1" failures="0" timestamp="21 Mar 2021 03:22:57 GMT" time="12.558" errors="0">
  <testcase name="Login" time="12.558" classname="testcases.LoginApplication"/>
</testsuite> <!-- testcases.LoginApplication -->
