<?xml version="1.0" encoding="UTF-8"?>
<!-- Generated by org.testng.reporters.JUnitReportReporter -->
<testsuite skipped="0" hostname="C02YTCS1LVCG" name="com.rkcompany.app.RestAPITest" tests="1" failures="0" timestamp="2021-03-20T21:41:13 IST" time="0.003" errors="0">
  <testcase name="RestAPITest" time="0.003" classname="com.rkcompany.app.RestAPITest"/>
  <system-out/>
</testsuite> <!-- com.rkcompany.app.RestAPITest -->
