<?xml version="1.0" encoding="UTF-8"?>
<!-- Generated by org.testng.reporters.JUnitReportReporter -->
<testsuite skipped="0" hostname="C02YTCS1LVCG" name="com.rkcompany.app.AppTest" tests="1" failures="0" timestamp="2021-03-20T21:27:21 IST" time="0.002" errors="0">
  <testcase name="AppFunTest" time="0.002" classname="com.rkcompany.app.AppTest"/>
  <system-out/>
</testsuite> <!-- com.rkcompany.app.AppTest -->
