<?xml version="1.0" encoding="UTF-8"?>
<!-- Generated by org.testng.reporters.JUnitReportReporter -->
<testsuite skipped="0" hostname="C02YTCS1LVCG" name="com.rkcompany.app.OpenURLTest" tests="1" failures="0" timestamp="2021-03-20T21:27:21 IST" time="14.061" errors="0">
  <testcase name="OpenURLFuntest" time="14.061" classname="com.rkcompany.app.OpenURLTest"/>
  <system-out/>
</testsuite> <!-- com.rkcompany.app.OpenURLTest -->
